<?xml version="1.0" encoding="UTF-8"?>
<testsuite name="com.thoughtworks.rectangle.RectangleTest" tests="1" skipped="0" failures="0" errors="0" timestamp="2022-10-11T09:14:04" hostname="gurushifu-gurushifugitp-dyympouei53" time="0.015">
  <properties/>
  <testcase name="shouldReturnWhenLengthAndBreadthArePositive()" classname="com.thoughtworks.rectangle.RectangleTest" time="0.015"/>
  <system-out><![CDATA[]]></system-out>
  <system-err><![CDATA[]]></system-err>
</testsuite>
