<?xml version="1.0" encoding="UTF-8"?>
<testsuite name="com.thoughtworks.rectangle.RectangleTest" tests="1" skipped="0" failures="0" errors="0" timestamp="2023-01-03T07:25:29" hostname="gurushifu-gurushifugitp-xgj7qbp2z3v" time="0.016">
  <properties/>
  <testcase name="shouldReturnWhenLengthAndBreadthArePositive()" classname="com.thoughtworks.rectangle.RectangleTest" time="0.016"/>
  <system-out><![CDATA[]]></system-out>
  <system-err><![CDATA[]]></system-err>
</testsuite>
